[0.490s] Invoking command in '/home/hirata/ros2_ws/src/mypkg': PYTHONPATH=/home/hirata/ros2_ws/src/mypkg/build/mypkg/prefix_override:/home/hirata/ros2_ws/src/mypkg/install/mypkg/lib/python3.10/site-packages:${PYTHONPATH} /usr/bin/python3 setup.py egg_info --egg-base build/mypkg build --build-base /home/hirata/ros2_ws/src/mypkg/build/mypkg/build install --record /home/hirata/ros2_ws/src/mypkg/build/mypkg/install.log --single-version-externally-managed
[0.641s] running egg_info
[0.641s] writing build/mypkg/mypkg.egg-info/PKG-INFO
[0.642s] writing dependency_links to build/mypkg/mypkg.egg-info/dependency_links.txt
[0.642s] writing entry points to build/mypkg/mypkg.egg-info/entry_points.txt
[0.642s] writing requirements to build/mypkg/mypkg.egg-info/requires.txt
[0.642s] writing top-level names to build/mypkg/mypkg.egg-info/top_level.txt
[0.644s] reading manifest file 'build/mypkg/mypkg.egg-info/SOURCES.txt'
[0.645s] writing manifest file 'build/mypkg/mypkg.egg-info/SOURCES.txt'
[0.645s] running build
[0.646s] running build_py
[0.646s] copying mypkg/talker.py -> /home/hirata/ros2_ws/src/mypkg/build/mypkg/build/lib/mypkg
[0.647s] copying mypkg/listener.py -> /home/hirata/ros2_ws/src/mypkg/build/mypkg/build/lib/mypkg
[0.648s] running install
[0.648s] running install_lib
[0.648s] copying /home/hirata/ros2_ws/src/mypkg/build/mypkg/build/lib/mypkg/talker.py -> /home/hirata/ros2_ws/src/mypkg/install/mypkg/lib/python3.10/site-packages/mypkg
[0.648s] copying /home/hirata/ros2_ws/src/mypkg/build/mypkg/build/lib/mypkg/listener.py -> /home/hirata/ros2_ws/src/mypkg/install/mypkg/lib/python3.10/site-packages/mypkg
[0.648s] /usr/lib/python3/dist-packages/setuptools/command/install.py:34: SetuptoolsDeprecationWarning: setup.py install is deprecated. Use build and pip and other standards-based tools.
[0.649s]   warnings.warn(
[0.649s] byte-compiling /home/hirata/ros2_ws/src/mypkg/install/mypkg/lib/python3.10/site-packages/mypkg/talker.py to talker.cpython-310.pyc
[0.649s] byte-compiling /home/hirata/ros2_ws/src/mypkg/install/mypkg/lib/python3.10/site-packages/mypkg/listener.py to listener.cpython-310.pyc
[0.649s] running install_data
[0.649s] running install_egg_info
[0.650s] removing '/home/hirata/ros2_ws/src/mypkg/install/mypkg/lib/python3.10/site-packages/mypkg-0.0.0-py3.10.egg-info' (and everything under it)
[0.650s] Copying build/mypkg/mypkg.egg-info to /home/hirata/ros2_ws/src/mypkg/install/mypkg/lib/python3.10/site-packages/mypkg-0.0.0-py3.10.egg-info
[0.651s] running install_scripts
[0.667s] Installing listener script to /home/hirata/ros2_ws/src/mypkg/install/mypkg/lib/mypkg
[0.667s] Installing talker script to /home/hirata/ros2_ws/src/mypkg/install/mypkg/lib/mypkg
[0.667s] writing list of installed files to '/home/hirata/ros2_ws/src/mypkg/build/mypkg/install.log'
[0.686s] Invoked command in '/home/hirata/ros2_ws/src/mypkg' returned '0': PYTHONPATH=/home/hirata/ros2_ws/src/mypkg/build/mypkg/prefix_override:/home/hirata/ros2_ws/src/mypkg/install/mypkg/lib/python3.10/site-packages:${PYTHONPATH} /usr/bin/python3 setup.py egg_info --egg-base build/mypkg build --build-base /home/hirata/ros2_ws/src/mypkg/build/mypkg/build install --record /home/hirata/ros2_ws/src/mypkg/build/mypkg/install.log --single-version-externally-managed
